TN:
SF:script/DeployKipuBankV3.s.sol
DA:28,0
FN:28,DeployKipuBankV3.run
FNDA:0,DeployKipuBankV3.run
DA:31,0
DA:32,0
DA:33,0
DA:34,0
DA:35,0
DA:37,0
DA:38,0
DA:39,0
DA:41,0
DA:42,0
DA:44,0
FNF:1
FNH:0
LF:12
LH:0
BRF:0
BRH:0
end_of_record
TN:
SF:src/KipuBankV3.sol
DA:153,9
FN:153,KipuBankV3.nonReentrant
FNDA:9,KipuBankV3.nonReentrant
DA:154,9
DA:156,8
DA:159,16
FN:159,KipuBankV3._nonReentrantBefore
FNDA:16,KipuBankV3._nonReentrantBefore
DA:160,0
BRDA:160,0,0,-
DA:161,16
DA:164,9
FN:164,KipuBankV3._nonReentrantAfter
FNDA:9,KipuBankV3._nonReentrantAfter
DA:165,9
DA:173,9
FN:173,KipuBankV3.validAmount
FNDA:9,KipuBankV3.validAmount
DA:174,9
DA:178,16
FN:178,KipuBankV3._validAmount
FNDA:16,KipuBankV3._validAmount
DA:179,16
BRDA:179,1,0,4
DA:187,8
FN:187,KipuBankV3.validToken
FNDA:8,KipuBankV3.validToken
DA:188,8
DA:192,8
FN:192,KipuBankV3._validToken
FNDA:8,KipuBankV3._validToken
DA:193,8
BRDA:193,2,0,-
DA:196,4
FN:196,KipuBankV3.withinWithdrawLimit
FNDA:4,KipuBankV3.withinWithdrawLimit
DA:197,4
DA:201,4
FN:201,KipuBankV3._withinWithdrawLimit
FNDA:4,KipuBankV3._withinWithdrawLimit
DA:202,4
BRDA:202,3,0,2
DA:203,2
DA:221,21
FN:221,KipuBankV3.constructor
FNDA:21,KipuBankV3.constructor
DA:222,21
BRDA:222,4,0,-
DA:223,21
BRDA:223,5,0,-
DA:224,21
BRDA:224,6,0,-
DA:226,21
DA:227,21
DA:228,21
DA:229,21
DA:230,21
DA:243,0
FN:243,KipuBankV3.receive
FNDA:0,KipuBankV3.receive
DA:244,0
DA:252,1
FN:252,KipuBankV3.fallback
FNDA:1,KipuBankV3.fallback
DA:253,1
BRDA:253,7,0,-
DA:254,0
DA:270,1
FN:270,KipuBankV3.depositETH
FNDA:1,KipuBankV3.depositETH
DA:271,0
DA:286,9
FN:286,KipuBankV3.depositToken
FNDA:9,KipuBankV3.depositToken
DA:294,8
DA:297,8
BRDA:297,8,0,7
BRDA:297,8,1,1
DA:298,7
DA:300,1
DA:315,6
FN:315,KipuBankV3.withdrawUSDC
FNDA:6,KipuBankV3.withdrawUSDC
DA:321,2
DA:329,5
FN:329,KipuBankV3.balanceOf
FNDA:5,KipuBankV3.balanceOf
DA:330,5
DA:337,1
FN:337,KipuBankV3.totalBankValueUSDC
FNDA:1,KipuBankV3.totalBankValueUSDC
DA:338,1
DA:349,2
FN:349,KipuBankV3.estimateSwap
FNDA:2,KipuBankV3.estimateSwap
DA:350,2
BRDA:350,9,0,1
DA:352,1
DA:355,1
BRDA:355,10,0,1
BRDA:355,10,1,-
DA:356,1
DA:357,1
DA:359,0
DA:360,0
DA:363,1
BRDA:363,11,0,1
DA:364,1
DA:365,0
BRDA:365,11,1,-
DA:366,0
DA:379,0
FN:379,KipuBankV3._depositETH
FNDA:0,KipuBankV3._depositETH
DA:380,0
DA:382,0
DA:385,0
DA:387,0
DA:395,7
FN:395,KipuBankV3._depositUSDC
FNDA:7,KipuBankV3._depositUSDC
DA:396,7
DA:399,7
DA:401,7
DA:410,1
FN:410,KipuBankV3._depositAndSwap
FNDA:1,KipuBankV3._depositAndSwap
DA:412,1
DA:414,1
DA:417,1
DA:419,1
DA:427,2
FN:427,KipuBankV3._withdrawUSDC
FNDA:2,KipuBankV3._withdrawUSDC
DA:429,2
DA:431,2
BRDA:431,12,0,1
DA:432,1
DA:436,1
DA:439,1
DA:441,1
DA:461,9
FN:461,KipuBankV3._updateBalances
FNDA:9,KipuBankV3._updateBalances
DA:465,9
DA:466,9
DA:468,8
BRDA:468,13,0,8
BRDA:468,13,1,8
DA:469,8
DA:470,8
DA:472,8
BRDA:472,14,0,-
DA:473,0
DA:476,1
DA:477,1
DA:481,9
DA:482,9
DA:484,9
DA:493,0
FN:493,KipuBankV3._swapETHToUSDC
FNDA:0,KipuBankV3._swapETHToUSDC
DA:494,0
DA:495,0
DA:496,0
DA:498,0
DA:505,0
DA:507,0
DA:508,0
DA:518,1
FN:518,KipuBankV3._swapTokenToUSDC
FNDA:1,KipuBankV3._swapTokenToUSDC
DA:520,1
DA:522,1
DA:523,1
DA:524,1
DA:526,1
DA:534,1
DA:536,1
DA:537,1
DA:550,1
FN:550,KipuBankV3.pause
FNDA:1,KipuBankV3.pause
DA:551,1
DA:552,1
DA:561,1
FN:561,KipuBankV3.unpause
FNDA:1,KipuBankV3.unpause
DA:562,1
DA:563,1
DA:574,1
FN:574,KipuBankV3.emergencyWithdraw
FNDA:1,KipuBankV3.emergencyWithdraw
DA:575,1
BRDA:575,15,0,-
BRDA:575,15,1,-
DA:576,0
DA:577,0
BRDA:577,16,0,-
DA:579,1
DA:591,0
FN:591,KipuBankV3.recoverERC20
FNDA:0,KipuBankV3.recoverERC20
DA:592,0
BRDA:592,17,0,-
DA:593,0
FNF:29
FNH:25
LF:125
LH:97
BRF:23
BRH:10
end_of_record
TN:
SF:test/mocks/MockDeFi.sol
DA:21,22
FN:21,MockDeFi.constructor
FNDA:22,MockDeFi.constructor
DA:22,22
DA:31,43
FN:31,MockDeFi.mint
FNDA:43,MockDeFi.mint
DA:32,43
DA:40,0
FN:40,MockDeFi.decimals
FNDA:0,MockDeFi.decimals
DA:41,0
DA:50,1
FN:50,MockDeFi.getAmountsOut
FNDA:1,MockDeFi.getAmountsOut
DA:51,1
DA:52,1
DA:53,1
DA:54,0
DA:64,0
FN:64,MockDeFi.swapExactETHForTokens
FNDA:0,MockDeFi.swapExactETHForTokens
DA:69,0
DA:70,0
DA:71,0
DA:72,0
DA:73,0
DA:83,1
FN:83,MockDeFi.swapExactTokensForTokens
FNDA:1,MockDeFi.swapExactTokensForTokens
DA:87,1
DA:88,1
DA:89,1
DA:90,1
DA:91,0
FNF:6
FNH:4
LF:23
LH:13
BRF:0
BRH:0
end_of_record
